TIME:2013-10-22 19:53:40
GUID:516adaaf2319f8da21999f20cd91d3fb
QUA:ADRQBA26_B1/261022&X5MTT_3/000000&ADR&0030005014&GN700W&10000_10000&9223&Android4.0.4&V4
TYPE:android.database.sqlite.SQLiteException
MSG:android.database.sqlite.SQLiteException: duplicate column name: isOperating: , while compiling: ALTER TABLE items ADD COLUMN isOperating INTEGER NOT NULL DEFAULT 0;
	at android.database.sqlite.SQLiteCompiledSql.native_compile(Native Method)
	at android.database.sqlite.SQLiteCompiledSql.<init>(SQLiteCompiledSql.java:64)
	at android.database.sqlite.SQLiteProgram.compileSql(SQLiteProgram.java:168)
	at android.database.sqlite.SQLiteProgram.compileAndbindAllArgs(SQLiteProgram.java:395)
	at android.database.sqlite.SQLiteStatement.acquireAndLock(SQLiteStatement.java:263)
	at android.database.sqlite.SQLiteStatement.executeUpdateDelete(SQLiteStatement.java:87)
	at android.database.sqlite.SQLiteDatabase.executeSql(SQLiteDatabase.java:1900)
	at android.database.sqlite.SQLiteDatabase.execSQL(SQLiteDatabase.java:1839)
	at com.tencent.qlauncher.db.LauncherDBHelper.upgradeItemsTable(LauncherDBHelper.java:273)
	at com.tencent.qlauncher.db.LauncherDBHelper.onUpgrade(LauncherDBHelper.java:232)
	at android.database.sqlite.SQLiteOpenHelper.getWritableDatabase(SQLiteOpenHelper.java:170)
	at com.tencent.qlauncher.db.LauncherProvider.query(LauncherProvider.java:97)
	at android.content.ContentProvider$Transport.query(ContentProvider.java:178)
	at android.content.ContentResolver.query(ContentResolver.java:312)
	at com.tencent.qlauncher.LauncherDataHelper.getItems(LauncherDataHelper.java:2127)
	at com.tencent.qlauncher.LauncherDataHelper.getAllFolders(LauncherDataHelper.java:1328)
	at com.tencent.qlauncher.home.LauncherManagerRefined$LoadPackageTask.loadItems(LauncherManagerRefined.java:2679)
	at com.tencent.qlauncher.home.LauncherManagerRefined$LoadPackageTask.run(LauncherManagerRefined.java:2564)
	at android.os.Handler.handleCallback(Handler.java:605)
	at android.os.Handler.dispatchMessage(Handler.java:92)
	at android.os.Looper.loop(Looper.java:137)
	at android.os.HandlerThread.run(HandlerThread.java:65)


TIME:2013-10-22 19:53:42
GUID:516adaaf2319f8da21999f20cd91d3fb
QUA:ADRQBA26_B1/261022&X5MTT_3/000000&ADR&0030005014&GN700W&10000_10000&9223&Android4.0.4&V4
TYPE:android.database.sqlite.SQLiteException
MSG:android.database.sqlite.SQLiteException: duplicate column name: isOperating: , while compiling: ALTER TABLE items ADD COLUMN isOperating INTEGER NOT NULL DEFAULT 0;
	at android.database.sqlite.SQLiteCompiledSql.native_compile(Native Method)
	at android.database.sqlite.SQLiteCompiledSql.<init>(SQLiteCompiledSql.java:64)
	at android.database.sqlite.SQLiteProgram.compileSql(SQLiteProgram.java:168)
	at android.database.sqlite.SQLiteProgram.compileAndbindAllArgs(SQLiteProgram.java:395)
	at android.database.sqlite.SQLiteStatement.acquireAndLock(SQLiteStatement.java:263)
	at android.database.sqlite.SQLiteStatement.executeUpdateDelete(SQLiteStatement.java:87)
	at android.database.sqlite.SQLiteDatabase.executeSql(SQLiteDatabase.java:1900)
	at android.database.sqlite.SQLiteDatabase.execSQL(SQLiteDatabase.java:1839)
	at com.tencent.qlauncher.db.LauncherDBHelper.upgradeItemsTable(LauncherDBHelper.java:273)
	at com.tencent.qlauncher.db.LauncherDBHelper.onUpgrade(LauncherDBHelper.java:232)
	at android.database.sqlite.SQLiteOpenHelper.getWritableDatabase(SQLiteOpenHelper.java:170)
	at com.tencent.qlauncher.db.LauncherProvider.query(LauncherProvider.java:97)
	at android.content.ContentProvider$Transport.query(ContentProvider.java:178)
	at android.content.ContentResolver.query(ContentResolver.java:312)
	at com.tencent.qlauncher.LauncherDataHelper.getItems(LauncherDataHelper.java:2127)
	at com.tencent.qlauncher.LauncherDataHelper.getAllFolders(LauncherDataHelper.java:1328)
	at com.tencent.qlauncher.home.LauncherManagerRefined$LoadPackageTask.loadItems(LauncherManagerRefined.java:2679)
	at com.tencent.qlauncher.home.LauncherManagerRefined$LoadPackageTask.run(LauncherManagerRefined.java:2564)
	at android.os.Handler.handleCallback(Handler.java:605)
	at android.os.Handler.dispatchMessage(Handler.java:92)
	at android.os.Looper.loop(Looper.java:137)
	at android.os.HandlerThread.run(HandlerThread.java:65)


TIME:2013-10-22 19:53:44
GUID:516adaaf2319f8da21999f20cd91d3fb
QUA:ADRQBA26_B1/261022&X5MTT_3/000000&ADR&0030005014&GN700W&10000_10000&9223&Android4.0.4&V4
TYPE:android.database.sqlite.SQLiteException
MSG:android.database.sqlite.SQLiteException: duplicate column name: isOperating: , while compiling: ALTER TABLE items ADD COLUMN isOperating INTEGER NOT NULL DEFAULT 0;
	at android.database.sqlite.SQLiteCompiledSql.native_compile(Native Method)
	at android.database.sqlite.SQLiteCompiledSql.<init>(SQLiteCompiledSql.java:64)
	at android.database.sqlite.SQLiteProgram.compileSql(SQLiteProgram.java:168)
	at android.database.sqlite.SQLiteProgram.compileAndbindAllArgs(SQLiteProgram.java:395)
	at android.database.sqlite.SQLiteStatement.acquireAndLock(SQLiteStatement.java:263)
	at android.database.sqlite.SQLiteStatement.executeUpdateDelete(SQLiteStatement.java:87)
	at android.database.sqlite.SQLiteDatabase.executeSql(SQLiteDatabase.java:1900)
	at android.database.sqlite.SQLiteDatabase.execSQL(SQLiteDatabase.java:1839)
	at com.tencent.qlauncher.db.LauncherDBHelper.upgradeItemsTable(LauncherDBHelper.java:273)
	at com.tencent.qlauncher.db.LauncherDBHelper.onUpgrade(LauncherDBHelper.java:232)
	at android.database.sqlite.SQLiteOpenHelper.getWritableDatabase(SQLiteOpenHelper.java:170)
	at com.tencent.qlauncher.db.LauncherProvider.query(LauncherProvider.java:97)
	at android.content.ContentProvider$Transport.query(ContentProvider.java:178)
	at android.content.ContentResolver.query(ContentResolver.java:312)
	at com.tencent.qlauncher.LauncherDataHelper.getItems(LauncherDataHelper.java:2127)
	at com.tencent.qlauncher.LauncherDataHelper.getAllFolders(LauncherDataHelper.java:1328)
	at com.tencent.qlauncher.home.LauncherManagerRefined$LoadPackageTask.loadItems(LauncherManagerRefined.java:2679)
	at com.tencent.qlauncher.home.LauncherManagerRefined$LoadPackageTask.run(LauncherManagerRefined.java:2564)
	at android.os.Handler.handleCallback(Handler.java:605)
	at android.os.Handler.dispatchMessage(Handler.java:92)
	at android.os.Looper.loop(Looper.java:137)
	at android.os.HandlerThread.run(HandlerThread.java:65)


TIME:2013-10-22 19:53:47
GUID:516adaaf2319f8da21999f20cd91d3fb
QUA:ADRQBA26_B1/261022&X5MTT_3/000000&ADR&0030005014&GN700W&10000_10000&9223&Android4.0.4&V4
TYPE:android.database.sqlite.SQLiteException
MSG:android.database.sqlite.SQLiteException: duplicate column name: isOperating: , while compiling: ALTER TABLE items ADD COLUMN isOperating INTEGER NOT NULL DEFAULT 0;
	at android.database.sqlite.SQLiteCompiledSql.native_compile(Native Method)
	at android.database.sqlite.SQLiteCompiledSql.<init>(SQLiteCompiledSql.java:64)
	at android.database.sqlite.SQLiteProgram.compileSql(SQLiteProgram.java:168)
	at android.database.sqlite.SQLiteProgram.compileAndbindAllArgs(SQLiteProgram.java:395)
	at android.database.sqlite.SQLiteStatement.acquireAndLock(SQLiteStatement.java:263)
	at android.database.sqlite.SQLiteStatement.executeUpdateDelete(SQLiteStatement.java:87)
	at android.database.sqlite.SQLiteDatabase.executeSql(SQLiteDatabase.java:1900)
	at android.database.sqlite.SQLiteDatabase.execSQL(SQLiteDatabase.java:1839)
	at com.tencent.qlauncher.db.LauncherDBHelper.upgradeItemsTable(LauncherDBHelper.java:273)
	at com.tencent.qlauncher.db.LauncherDBHelper.onUpgrade(LauncherDBHelper.java:232)
	at android.database.sqlite.SQLiteOpenHelper.getWritableDatabase(SQLiteOpenHelper.java:170)
	at com.tencent.qlauncher.db.LauncherProvider.query(LauncherProvider.java:97)
	at android.content.ContentProvider$Transport.query(ContentProvider.java:178)
	at android.content.ContentResolver.query(ContentResolver.java:312)
	at com.tencent.qlauncher.LauncherDataHelper.getItems(LauncherDataHelper.java:2127)
	at com.tencent.qlauncher.LauncherDataHelper.getAllFolders(LauncherDataHelper.java:1328)
	at com.tencent.qlauncher.home.LauncherManagerRefined$LoadPackageTask.loadItems(LauncherManagerRefined.java:2679)
	at com.tencent.qlauncher.home.LauncherManagerRefined$LoadPackageTask.run(LauncherManagerRefined.java:2564)
	at android.os.Handler.handleCallback(Handler.java:605)
	at android.os.Handler.dispatchMessage(Handler.java:92)
	at android.os.Looper.loop(Looper.java:137)
	at android.os.HandlerThread.run(HandlerThread.java:65)


TIME:2013-10-22 19:57:32
GUID:516adaaf2319f8da21999f20cd91d3fb
QUA:ADRQBA26_B1/261022&X5MTT_3/000000&ADR&0030005014&GN700W&10000_10000&9223&Android4.0.4&V4
TYPE:android.database.sqlite.SQLiteException
MSG:android.database.sqlite.SQLiteException: duplicate column name: isOperating: , while compiling: ALTER TABLE items ADD COLUMN isOperating INTEGER NOT NULL DEFAULT 0;
	at android.database.sqlite.SQLiteCompiledSql.native_compile(Native Method)
	at android.database.sqlite.SQLiteCompiledSql.<init>(SQLiteCompiledSql.java:64)
	at android.database.sqlite.SQLiteProgram.compileSql(SQLiteProgram.java:168)
	at android.database.sqlite.SQLiteProgram.compileAndbindAllArgs(SQLiteProgram.java:395)
	at android.database.sqlite.SQLiteStatement.acquireAndLock(SQLiteStatement.java:263)
	at android.database.sqlite.SQLiteStatement.executeUpdateDelete(SQLiteStatement.java:87)
	at android.database.sqlite.SQLiteDatabase.executeSql(SQLiteDatabase.java:1900)
	at android.database.sqlite.SQLiteDatabase.execSQL(SQLiteDatabase.java:1839)
	at com.tencent.qlauncher.db.LauncherDBHelper.upgradeItemsTable(LauncherDBHelper.java:273)
	at com.tencent.qlauncher.db.LauncherDBHelper.onUpgrade(LauncherDBHelper.java:232)
	at android.database.sqlite.SQLiteOpenHelper.getWritableDatabase(SQLiteOpenHelper.java:170)
	at com.tencent.qlauncher.db.LauncherProvider.query(LauncherProvider.java:97)
	at android.content.ContentProvider$Transport.query(ContentProvider.java:178)
	at android.content.ContentResolver.query(ContentResolver.java:312)
	at com.tencent.qlauncher.LauncherDataHelper.getItems(LauncherDataHelper.java:2127)
	at com.tencent.qlauncher.LauncherDataHelper.getAllFolders(LauncherDataHelper.java:1328)
	at com.tencent.qlauncher.home.LauncherManagerRefined$LoadPackageTask.loadItems(LauncherManagerRefined.java:2679)
	at com.tencent.qlauncher.home.LauncherManagerRefined$LoadPackageTask.run(LauncherManagerRefined.java:2564)
	at android.os.Handler.handleCallback(Handler.java:605)
	at android.os.Handler.dispatchMessage(Handler.java:92)
	at android.os.Looper.loop(Looper.java:137)
	at android.os.HandlerThread.run(HandlerThread.java:65)


TIME:2013-10-22 19:57:34
GUID:516adaaf2319f8da21999f20cd91d3fb
QUA:ADRQBA26_B1/261022&X5MTT_3/000000&ADR&0030005014&GN700W&10000_10000&9223&Android4.0.4&V4
TYPE:android.database.sqlite.SQLiteException
MSG:android.database.sqlite.SQLiteException: duplicate column name: isOperating: , while compiling: ALTER TABLE items ADD COLUMN isOperating INTEGER NOT NULL DEFAULT 0;
	at android.database.sqlite.SQLiteCompiledSql.native_compile(Native Method)
	at android.database.sqlite.SQLiteCompiledSql.<init>(SQLiteCompiledSql.java:64)
	at android.database.sqlite.SQLiteProgram.compileSql(SQLiteProgram.java:168)
	at android.database.sqlite.SQLiteProgram.compileAndbindAllArgs(SQLiteProgram.java:395)
	at android.database.sqlite.SQLiteStatement.acquireAndLock(SQLiteStatement.java:263)
	at android.database.sqlite.SQLiteStatement.executeUpdateDelete(SQLiteStatement.java:87)
	at android.database.sqlite.SQLiteDatabase.executeSql(SQLiteDatabase.java:1900)
	at android.database.sqlite.SQLiteDatabase.execSQL(SQLiteDatabase.java:1839)
	at com.tencent.qlauncher.db.LauncherDBHelper.upgradeItemsTable(LauncherDBHelper.java:273)
	at com.tencent.qlauncher.db.LauncherDBHelper.onUpgrade(LauncherDBHelper.java:232)
	at android.database.sqlite.SQLiteOpenHelper.getWritableDatabase(SQLiteOpenHelper.java:170)
	at com.tencent.qlauncher.db.LauncherProvider.query(LauncherProvider.java:97)
	at android.content.ContentProvider$Transport.query(ContentProvider.java:178)
	at android.content.ContentResolver.query(ContentResolver.java:312)
	at com.tencent.qlauncher.LauncherDataHelper.getItems(LauncherDataHelper.java:2127)
	at com.tencent.qlauncher.LauncherDataHelper.getAllFolders(LauncherDataHelper.java:1328)
	at com.tencent.qlauncher.home.LauncherManagerRefined$LoadPackageTask.loadItems(LauncherManagerRefined.java:2679)
	at com.tencent.qlauncher.home.LauncherManagerRefined$LoadPackageTask.run(LauncherManagerRefined.java:2564)
	at android.os.Handler.handleCallback(Handler.java:605)
	at android.os.Handler.dispatchMessage(Handler.java:92)
	at android.os.Looper.loop(Looper.java:137)
	at android.os.HandlerThread.run(HandlerThread.java:65)


TIME:2013-10-22 19:57:37
GUID:516adaaf2319f8da21999f20cd91d3fb
QUA:ADRQBA26_B1/261022&X5MTT_3/000000&ADR&0030005014&GN700W&10000_10000&9223&Android4.0.4&V4
TYPE:android.database.sqlite.SQLiteException
MSG:android.database.sqlite.SQLiteException: duplicate column name: isOperating: , while compiling: ALTER TABLE items ADD COLUMN isOperating INTEGER NOT NULL DEFAULT 0;
	at android.database.sqlite.SQLiteCompiledSql.native_compile(Native Method)
	at android.database.sqlite.SQLiteCompiledSql.<init>(SQLiteCompiledSql.java:64)
	at android.database.sqlite.SQLiteProgram.compileSql(SQLiteProgram.java:168)
	at android.database.sqlite.SQLiteProgram.compileAndbindAllArgs(SQLiteProgram.java:395)
	at android.database.sqlite.SQLiteStatement.acquireAndLock(SQLiteStatement.java:263)
	at android.database.sqlite.SQLiteStatement.executeUpdateDelete(SQLiteStatement.java:87)
	at android.database.sqlite.SQLiteDatabase.executeSql(SQLiteDatabase.java:1900)
	at android.database.sqlite.SQLiteDatabase.execSQL(SQLiteDatabase.java:1839)
	at com.tencent.qlauncher.db.LauncherDBHelper.upgradeItemsTable(LauncherDBHelper.java:273)
	at com.tencent.qlauncher.db.LauncherDBHelper.onUpgrade(LauncherDBHelper.java:232)
	at android.database.sqlite.SQLiteOpenHelper.getWritableDatabase(SQLiteOpenHelper.java:170)
	at com.tencent.qlauncher.db.LauncherProvider.query(LauncherProvider.java:97)
	at android.content.ContentProvider$Transport.query(ContentProvider.java:178)
	at android.content.ContentResolver.query(ContentResolver.java:312)
	at com.tencent.qlauncher.LauncherDataHelper.getItems(LauncherDataHelper.java:2127)
	at com.tencent.qlauncher.LauncherDataHelper.getAllFolders(LauncherDataHelper.java:1328)
	at com.tencent.qlauncher.home.LauncherManagerRefined$LoadPackageTask.loadItems(LauncherManagerRefined.java:2679)
	at com.tencent.qlauncher.home.LauncherManagerRefined$LoadPackageTask.run(LauncherManagerRefined.java:2564)
	at android.os.Handler.handleCallback(Handler.java:605)
	at android.os.Handler.dispatchMessage(Handler.java:92)
	at android.os.Looper.loop(Looper.java:137)
	at android.os.HandlerThread.run(HandlerThread.java:65)


TIME:2013-10-22 19:57:39
GUID:516adaaf2319f8da21999f20cd91d3fb
QUA:ADRQBA26_B1/261022&X5MTT_3/000000&ADR&0030005014&GN700W&10000_10000&9223&Android4.0.4&V4
TYPE:android.database.sqlite.SQLiteException
MSG:android.database.sqlite.SQLiteException: duplicate column name: isOperating: , while compiling: ALTER TABLE items ADD COLUMN isOperating INTEGER NOT NULL DEFAULT 0;
	at android.database.sqlite.SQLiteCompiledSql.native_compile(Native Method)
	at android.database.sqlite.SQLiteCompiledSql.<init>(SQLiteCompiledSql.java:64)
	at android.database.sqlite.SQLiteProgram.compileSql(SQLiteProgram.java:168)
	at android.database.sqlite.SQLiteProgram.compileAndbindAllArgs(SQLiteProgram.java:395)
	at android.database.sqlite.SQLiteStatement.acquireAndLock(SQLiteStatement.java:263)
	at android.database.sqlite.SQLiteStatement.executeUpdateDelete(SQLiteStatement.java:87)
	at android.database.sqlite.SQLiteDatabase.executeSql(SQLiteDatabase.java:1900)
	at android.database.sqlite.SQLiteDatabase.execSQL(SQLiteDatabase.java:1839)
	at com.tencent.qlauncher.db.LauncherDBHelper.upgradeItemsTable(LauncherDBHelper.java:273)
	at com.tencent.qlauncher.db.LauncherDBHelper.onUpgrade(LauncherDBHelper.java:232)
	at android.database.sqlite.SQLiteOpenHelper.getWritableDatabase(SQLiteOpenHelper.java:170)
	at com.tencent.qlauncher.db.LauncherProvider.query(LauncherProvider.java:97)
	at android.content.ContentProvider$Transport.query(ContentProvider.java:178)
	at android.content.ContentResolver.query(ContentResolver.java:312)
	at com.tencent.qlauncher.LauncherDataHelper.getItems(LauncherDataHelper.java:2127)
	at com.tencent.qlauncher.LauncherDataHelper.getAllFolders(LauncherDataHelper.java:1328)
	at com.tencent.qlauncher.home.LauncherManagerRefined$LoadPackageTask.loadItems(LauncherManagerRefined.java:2679)
	at com.tencent.qlauncher.home.LauncherManagerRefined$LoadPackageTask.run(LauncherManagerRefined.java:2564)
	at android.os.Handler.handleCallback(Handler.java:605)
	at android.os.Handler.dispatchMessage(Handler.java:92)
	at android.os.Looper.loop(Looper.java:137)
	at android.os.HandlerThread.run(HandlerThread.java:65)


